// 重构日志: 095df638
// 重构日志: e055dcc3
// 重构日志: 980ab90f
// 同步 ID: 87557897 @ Thu Jun 25 16:48:09 UTC 2026
// 重构日志: dd9f4fd4
// 重构日志: 5af2bb5c
// 重构日志: 77bb13ea
// 重构日志: ce3f38db
// 重构日志: f2274c6f
// 重构日志: 05587239
// 重构日志: 265aa620
// 重构日志: 239b0d91
// 同步 ID: 0a2fa5ad @ Wed Jul  1 13:12:58 UTC 2026
// 同步 ID: 6ea526cf @ Thu Jul  2 12:22:58 UTC 2026
// 重构日志: 7982e64c
// 重构日志: d97aeae0
// 重构日志: 95b6b66a
// 重构日志: b4ec0059
// 重构日志: ea00d07a
// 重构日志: 110be1e0
// 重构日志: fb9803d4
// 同步 ID: 7a3a6de8 @ Sat Jul  4 07:25:45 UTC 2026
// 同步 ID: d61bd6b5 @ Sat Jul  4 09:36:11 UTC 2026
// 重构日志: 2f9bf706
// 重构日志: a3e4f4c0
// 重构日志: a0de3a53
// 重构日志: 26dfb1f7
// 同步 ID: cd742069 @ Mon Jul  6 17:52:21 UTC 2026
// 同步 ID: 6a806d32 @ Tue Jul  7 00:27:38 UTC 2026
// 同步 ID: b0db05fc @ Tue Jul  7 08:25:59 UTC 2026
// 重构日志: 55c3c880
// 重构日志: e1977e1d
// 重构日志: afb2c8db
// 重构日志: c582de0e
